<?xml version="1.0" encoding="UTF-8"?>
<testsuite xmlns:xsi="http://www.w3.org/2001/XMLSchema-instance" xsi:noNamespaceSchemaLocation="https://maven.apache.org/surefire/maven-surefire-plugin/xsd/surefire-test-report.xsd" name="com.example.batchprocessing.BatchConfigurationReaderTest" time="6.49" tests="2" errors="2" skipped="0" failures="0">
  <properties>
[...]
</properties>
  <testcase name="givenMockedStep_whenReaderCalled_thenSuccess" classname="com.example.batchprocessing.BatchConfigurationReaderTest" time="0.881">
    <error message="org/junit/Assert" type="java.lang.NoClassDefFoundError">java.lang.NoClassDefFoundError: org/junit/Assert
	at com.example.batchprocessing.BatchConfigurationReaderTest.lambda$0(BatchConfigurationReaderTest.java:65)
	at com.example.batchprocessing.BatchConfigurationReaderTest.givenMockedStep_whenReaderCalled_thenSuccess(BatchConfigurationReaderTest.java:59)
Caused by: java.lang.ClassNotFoundException: org.junit.Assert
	at com.example.batchprocessing.BatchConfigurationReaderTest.lambda$0(BatchConfigurationReaderTest.java:65)
	at com.example.batchprocessing.BatchConfigurationReaderTest.givenMockedStep_whenReaderCalled_thenSuccess(BatchConfigurationReaderTest.java:59)
</error>
    <system-out><![CDATA[15:48:39.286 [main] DEBUG org.springframework.test.context.support.AbstractContextLoader - Could not detect default resource locations for test class [com.example.batchprocessing.BatchConfigurationReaderTest]: no resource found for suffixes {-context.xml, Context.groovy}.
15:48:39.294 [main] INFO org.springframework.test.context.support.AnnotationConfigContextLoaderUtils - Could not detect default configuration classes for test class [com.example.batchprocessing.BatchConfigurationReaderTest]: BatchConfigurationReaderTest does not declare any static, non-private, non-final, nested classes annotated with @Configuration.
15:48:39.375 [main] DEBUG org.springframework.boot.test.context.SpringBootTestContextBootstrapper - Using ContextCustomizers for test class [BatchConfigurationReaderTest]: [ExcludeFilterContextCustomizer, DuplicateJsonObjectContextCustomizer, MockitoContextCustomizer, TestRestTemplateContextCustomizer, DisableObservabilityContextCustomizer, PropertyMappingContextCustomizer, Customizer, BatchTestContextCustomizer]
15:48:39.542 [main] DEBUG org.springframework.context.annotation.ClassPathScanningCandidateComponentProvider - Identified candidate component class: file [D:\Developer\workspace-j17\gs-batch-processing\complete\target\classes\com\example\batchprocessing\BatchProcessingApplication.class]
15:48:39.564 [main] INFO org.springframework.boot.test.context.SpringBootTestContextBootstrapper - Found @SpringBootConfiguration com.example.batchprocessing.BatchProcessingApplication for test class com.example.batchprocessing.BatchConfigurationReaderTest
15:48:39.793 [main] DEBUG org.springframework.test.context.util.TestContextSpringFactoriesUtils - Skipping candidate TestExecutionListener [org.springframework.test.context.web.ServletTestExecutionListener] due to a missing dependency. Specify custom TestExecutionListener classes or make the default TestExecutionListener classes and their required dependencies available. Offending class: [jakarta/servlet/ServletContext]
15:48:39.835 [main] DEBUG org.springframework.boot.test.context.SpringBootTestContextBootstrapper - Using TestExecutionListeners for test class [BatchConfigurationReaderTest]: [DirtiesContextBeforeModesTestExecutionListener, ApplicationEventsTestExecutionListener, MockitoTestExecutionListener, DependencyInjectionTestExecutionListener, DirtiesContextTestExecutionListener, TransactionalTestExecutionListener, SqlScriptsTestExecutionListener, EventPublishingTestExecutionListener, ResetMocksTestExecutionListener, RestDocsTestExecutionListener, MockRestServiceServerResetTestExecutionListener, MockMvcPrintOnlyOnFailureTestExecutionListener, WebDriverTestExecutionListener, MockWebServiceServerTestExecutionListener, StepScopeTestExecutionListener, JobScopeTestExecutionListener]
15:48:39.839 [main] DEBUG org.springframework.test.context.support.AbstractDirtiesContextTestExecutionListener - Before test class: class [BatchConfigurationReaderTest], class annotated with @DirtiesContext [false] with mode [null]
15:48:39.885 [main] DEBUG org.springframework.test.context.support.DependencyInjectionTestExecutionListener - Performing dependency injection for test class com.example.batchprocessing.BatchConfigurationReaderTest

  .   ____          _            __ _ _
 /\\ / ___'_ __ _ _(_)_ __  __ _ \ \ \ \
( ( )\___ | '_ | '_| | '_ \/ _` | \ \ \ \
 \\/  ___)| |_)| | | | | || (_| |  ) ) ) )
  '  |____| .__|_| |_|_| |_\__, | / / / /
 =========|_|==============|___/=/_/_/_/
 :: Spring Boot ::                (v3.0.0)

2023-02-24T15:48:40.539+01:00  INFO 16100 --- [           main] c.e.b.BatchConfigurationReaderTest       : Starting BatchConfigurationReaderTest using Java 17.0.2 with PID 16100 (started by mjedli in D:\Developer\workspace-j17\gs-batch-processing\complete)
2023-02-24T15:48:40.543+01:00  INFO 16100 --- [           main] c.e.b.BatchConfigurationReaderTest       : No active profile set, falling back to 1 default profile: "default"
2023-02-24T15:48:42.229+01:00  INFO 16100 --- [           main] com.zaxxer.hikari.HikariDataSource       : HikariPool-1 - Starting...
2023-02-24T15:48:42.801+01:00  INFO 16100 --- [           main] com.zaxxer.hikari.pool.PoolBase          : HikariPool-1 - Driver does not support get/set network timeout for connections. (feature not supported)
2023-02-24T15:48:42.803+01:00  INFO 16100 --- [           main] com.zaxxer.hikari.pool.HikariPool        : HikariPool-1 - Added connection org.hsqldb.jdbc.JDBCConnection@61cd1c71
2023-02-24T15:48:42.807+01:00  INFO 16100 --- [           main] com.zaxxer.hikari.HikariDataSource       : HikariPool-1 - Start completed.
2023-02-24T15:48:43.229+01:00  INFO 16100 --- [           main] c.e.batchprocessing.BatchConfiguration   : File xml output : xmloutput/sample-xml.xml
2023-02-24T15:48:43.458+01:00  INFO 16100 --- [           main] c.e.b.BatchConfigurationReaderTest       : Started BatchConfigurationReaderTest in 3.489 seconds (process running for 6.265)
2023-02-24T15:48:43.465+01:00  INFO 16100 --- [           main] o.s.b.a.b.JobLauncherApplicationRunner   : Running default command line with: []
2023-02-24T15:48:43.625+01:00  INFO 16100 --- [           main] o.s.b.c.l.support.SimpleJobLauncher      : Job: [SimpleJob: [name=importUserJob]] launched with the following parameters: [{'run.id':'{value=1, type=class java.lang.Long, identifying=true}'}]
2023-02-24T15:48:43.679+01:00  INFO 16100 --- [           main] o.s.batch.core.job.SimpleStepHandler     : Executing step: [step1]
2023-02-24T15:48:43.775+01:00  INFO 16100 --- [           main] c.e.batchprocessing.PersonItemProcessor  : Converting (firstName: Jill, lastName: Doe) into (firstName: JILL, lastName: DOE)
2023-02-24T15:48:43.777+01:00  INFO 16100 --- [           main] c.e.batchprocessing.PersonItemProcessor  : Converting (firstName: Joe, lastName: Doe) into (firstName: JOE, lastName: DOE)
2023-02-24T15:48:43.777+01:00  INFO 16100 --- [           main] c.e.batchprocessing.PersonItemProcessor  : Converting (firstName: Justin, lastName: Doe) into (firstName: JUSTIN, lastName: DOE)
2023-02-24T15:48:43.779+01:00  INFO 16100 --- [           main] c.e.batchprocessing.PersonItemProcessor  : Converting (firstName: Jane, lastName: Doe) into (firstName: JANE, lastName: DOE)
2023-02-24T15:48:43.779+01:00  INFO 16100 --- [           main] c.e.batchprocessing.PersonItemProcessor  : Converting (firstName: John, lastName: Doe) into (firstName: JOHN, lastName: DOE)
2023-02-24T15:48:43.809+01:00  INFO 16100 --- [           main] o.s.batch.core.step.AbstractStep         : Step: [step1] executed in 124ms
2023-02-24T15:48:43.832+01:00  INFO 16100 --- [           main] o.s.batch.core.job.SimpleStepHandler     : Executing step: [step2]
2023-02-24T15:48:43.880+01:00  INFO 16100 --- [           main] c.e.b.PersonXmltemProcessor              : Converting (firstName: Jill, lastName: Doe) into (firstName: Jill, lastName: Doe)
2023-02-24T15:48:43.882+01:00  INFO 16100 --- [           main] c.e.b.PersonXmltemProcessor              : Converting (firstName: Joe, lastName: Doe) into (firstName: Joe, lastName: Doe)
2023-02-24T15:48:43.882+01:00  INFO 16100 --- [           main] c.e.b.PersonXmltemProcessor              : Converting (firstName: Justin, lastName: Doe) into (firstName: Justin, lastName: Doe)
2023-02-24T15:48:43.883+01:00  INFO 16100 --- [           main] c.e.b.PersonXmltemProcessor              : Converting (firstName: Jane, lastName: Doe) into (firstName: Jane, lastName: Doe)
2023-02-24T15:48:43.884+01:00  INFO 16100 --- [           main] c.e.b.PersonXmltemProcessor              : Converting (firstName: John, lastName: Doe) into (firstName: John, lastName: Doe)
2023-02-24T15:48:44.262+01:00  INFO 16100 --- [           main] o.s.batch.core.step.AbstractStep         : Step: [step2] executed in 429ms
2023-02-24T15:48:44.271+01:00  INFO 16100 --- [           main] c.e.b.JobCompletionNotificationListener  : !!! JOB FINISHED! Time to verify the results
2023-02-24T15:48:44.274+01:00  INFO 16100 --- [           main] c.e.b.JobCompletionNotificationListener  : Found <{firstName: JILL, lastName: DOE}> in the database.
2023-02-24T15:48:44.274+01:00  INFO 16100 --- [           main] c.e.b.JobCompletionNotificationListener  : Found <{firstName: JOE, lastName: DOE}> in the database.
2023-02-24T15:48:44.275+01:00  INFO 16100 --- [           main] c.e.b.JobCompletionNotificationListener  : Found <{firstName: JUSTIN, lastName: DOE}> in the database.
2023-02-24T15:48:44.275+01:00  INFO 16100 --- [           main] c.e.b.JobCompletionNotificationListener  : Found <{firstName: JANE, lastName: DOE}> in the database.
2023-02-24T15:48:44.275+01:00  INFO 16100 --- [           main] c.e.b.JobCompletionNotificationListener  : Found <{firstName: JOHN, lastName: DOE}> in the database.
2023-02-24T15:48:44.291+01:00  INFO 16100 --- [           main] o.s.b.c.l.support.SimpleJobLauncher      : Job: [SimpleJob: [name=importUserJob]] completed with the following parameters: [{'run.id':'{value=1, type=class java.lang.Long, identifying=true}'}] and the following status: [COMPLETED] in 616ms
]]></system-out>
  </testcase>
  <testcase name="testReader" classname="com.example.batchprocessing.BatchConfigurationReaderTest" time="0.009">
    <error message="org/junit/Assert" type="java.lang.NoClassDefFoundError">java.lang.NoClassDefFoundError: org/junit/Assert
	at com.example.batchprocessing.BatchConfigurationReaderTest.testReader(BatchConfigurationReaderTest.java:52)
Caused by: java.lang.ClassNotFoundException: org.junit.Assert
	at com.example.batchprocessing.BatchConfigurationReaderTest.testReader(BatchConfigurationReaderTest.java:52)
</error>
  </testcase>
</testsuite>