<?xml version="1.0" encoding="UTF-8"?>
<testsuite xmlns:xsi="http://www.w3.org/2001/XMLSchema-instance" xsi:noNamespaceSchemaLocation="https://maven.apache.org/surefire/maven-surefire-plugin/xsd/surefire-test-report.xsd" name="com.example.batchprocessing.BatchConfigurationTest" time="0.832" tests="4" errors="4" skipped="0" failures="0">
  <properties>
[...]
</properties>
  <testcase name="testJob{Job}" classname="com.example.batchprocessing.BatchConfigurationTest" time="0.292">
    <error message="org/junit/Assert" type="java.lang.NoClassDefFoundError">java.lang.NoClassDefFoundError: org/junit/Assert
	at com.example.batchprocessing.BatchConfigurationTest.testJob(BatchConfigurationTest.java:55)
Caused by: java.lang.ClassNotFoundException: org.junit.Assert
	at com.example.batchprocessing.BatchConfigurationTest.testJob(BatchConfigurationTest.java:55)
</error>
    <system-out><![CDATA[2023-02-24T15:48:45.379+01:00  INFO 16100 --- [           main] t.c.s.AnnotationConfigContextLoaderUtils : Could not detect default configuration classes for test class [com.example.batchprocessing.BatchConfigurationTest]: BatchConfigurationTest does not declare any static, non-private, non-final, nested classes annotated with @Configuration.
2023-02-24T15:48:45.387+01:00  INFO 16100 --- [           main] .b.t.c.SpringBootTestContextBootstrapper : Found @SpringBootConfiguration com.example.batchprocessing.BatchProcessingApplication for test class com.example.batchprocessing.BatchConfigurationTest
2023-02-24T15:48:45.461+01:00  INFO 16100 --- [           main] o.s.b.c.l.support.SimpleJobLauncher      : Job: [SimpleJob: [name=importUserJob]] launched with the following parameters: [{'random':'{value=-8429727815257080053, type=class java.lang.Long, identifying=true}'}]
2023-02-24T15:48:45.494+01:00  INFO 16100 --- [           main] o.s.batch.core.job.SimpleStepHandler     : Executing step: [step1]
2023-02-24T15:48:45.504+01:00  INFO 16100 --- [           main] c.e.batchprocessing.PersonItemProcessor  : Converting (firstName: Justin, lastName: Doe) into (firstName: JUSTIN, lastName: DOE)
2023-02-24T15:48:45.504+01:00  INFO 16100 --- [           main] c.e.batchprocessing.PersonItemProcessor  : Converting (firstName: Jane, lastName: Doe) into (firstName: JANE, lastName: DOE)
2023-02-24T15:48:45.504+01:00  INFO 16100 --- [           main] c.e.batchprocessing.PersonItemProcessor  : Converting (firstName: John, lastName: Doe) into (firstName: JOHN, lastName: DOE)
2023-02-24T15:48:45.512+01:00  INFO 16100 --- [           main] o.s.batch.core.step.AbstractStep         : Step: [step1] executed in 16ms
2023-02-24T15:48:45.524+01:00  INFO 16100 --- [           main] o.s.batch.core.job.SimpleStepHandler     : Executing step: [step2]
2023-02-24T15:48:45.542+01:00  INFO 16100 --- [           main] c.e.b.PersonXmltemProcessor              : Converting (firstName: Jill, lastName: Doe) into (firstName: Jill, lastName: Doe)
2023-02-24T15:48:45.542+01:00  INFO 16100 --- [           main] c.e.b.PersonXmltemProcessor              : Converting (firstName: Joe, lastName: Doe) into (firstName: Joe, lastName: Doe)
2023-02-24T15:48:45.543+01:00  INFO 16100 --- [           main] c.e.b.PersonXmltemProcessor              : Converting (firstName: Justin, lastName: Doe) into (firstName: Justin, lastName: Doe)
2023-02-24T15:48:45.543+01:00  INFO 16100 --- [           main] c.e.b.PersonXmltemProcessor              : Converting (firstName: Jane, lastName: Doe) into (firstName: Jane, lastName: Doe)
2023-02-24T15:48:45.544+01:00  INFO 16100 --- [           main] c.e.b.PersonXmltemProcessor              : Converting (firstName: John, lastName: Doe) into (firstName: John, lastName: Doe)
2023-02-24T15:48:45.558+01:00  INFO 16100 --- [           main] o.s.batch.core.step.AbstractStep         : Step: [step2] executed in 33ms
2023-02-24T15:48:45.570+01:00  INFO 16100 --- [           main] c.e.b.JobCompletionNotificationListener  : !!! JOB FINISHED! Time to verify the results
2023-02-24T15:48:45.571+01:00  INFO 16100 --- [           main] c.e.b.JobCompletionNotificationListener  : Found <{firstName: JILL, lastName: DOE}> in the database.
2023-02-24T15:48:45.572+01:00  INFO 16100 --- [           main] c.e.b.JobCompletionNotificationListener  : Found <{firstName: JOE, lastName: DOE}> in the database.
2023-02-24T15:48:45.572+01:00  INFO 16100 --- [           main] c.e.b.JobCompletionNotificationListener  : Found <{firstName: JUSTIN, lastName: DOE}> in the database.
2023-02-24T15:48:45.573+01:00  INFO 16100 --- [           main] c.e.b.JobCompletionNotificationListener  : Found <{firstName: JANE, lastName: DOE}> in the database.
2023-02-24T15:48:45.573+01:00  INFO 16100 --- [           main] c.e.b.JobCompletionNotificationListener  : Found <{firstName: JOHN, lastName: DOE}> in the database.
2023-02-24T15:48:45.573+01:00  INFO 16100 --- [           main] c.e.b.JobCompletionNotificationListener  : Found <{firstName: JUSTIN, lastName: DOE}> in the database.
2023-02-24T15:48:45.573+01:00  INFO 16100 --- [           main] c.e.b.JobCompletionNotificationListener  : Found <{firstName: JANE, lastName: DOE}> in the database.
2023-02-24T15:48:45.573+01:00  INFO 16100 --- [           main] c.e.b.JobCompletionNotificationListener  : Found <{firstName: JOHN, lastName: DOE}> in the database.
2023-02-24T15:48:45.579+01:00  INFO 16100 --- [           main] o.s.b.c.l.support.SimpleJobLauncher      : Job: [SimpleJob: [name=importUserJob]] completed with the following parameters: [{'random':'{value=-8429727815257080053, type=class java.lang.Long, identifying=true}'}] and the following status: [COMPLETED] in 106ms
]]></system-out>
  </testcase>
  <testcase name="testJobStep1" classname="com.example.batchprocessing.BatchConfigurationTest" time="0.119">
    <error message="org/junit/Assert" type="java.lang.NoClassDefFoundError">java.lang.NoClassDefFoundError: org/junit/Assert
	at com.example.batchprocessing.BatchConfigurationTest.testJobStep1(BatchConfigurationTest.java:62)
Caused by: java.lang.ClassNotFoundException: org.junit.Assert
	at com.example.batchprocessing.BatchConfigurationTest.testJobStep1(BatchConfigurationTest.java:62)
</error>
    <system-out><![CDATA[2023-02-24T15:48:45.610+01:00  INFO 16100 --- [           main] o.s.b.c.l.support.SimpleJobLauncher      : Job: [SimpleJob: [name=TestJob]] launched with the following parameters: [{'random':'{value=8437701341195655353, type=class java.lang.Long, identifying=true}'}]
2023-02-24T15:48:45.622+01:00  INFO 16100 --- [           main] o.s.batch.core.job.SimpleStepHandler     : Executing step: [step1]
2023-02-24T15:48:45.634+01:00  INFO 16100 --- [           main] c.e.batchprocessing.PersonItemProcessor  : Converting (firstName: Jill, lastName: Doe) into (firstName: JILL, lastName: DOE)
2023-02-24T15:48:45.635+01:00  INFO 16100 --- [           main] c.e.batchprocessing.PersonItemProcessor  : Converting (firstName: Joe, lastName: Doe) into (firstName: JOE, lastName: DOE)
2023-02-24T15:48:45.635+01:00  INFO 16100 --- [           main] c.e.batchprocessing.PersonItemProcessor  : Converting (firstName: Justin, lastName: Doe) into (firstName: JUSTIN, lastName: DOE)
2023-02-24T15:48:45.635+01:00  INFO 16100 --- [           main] c.e.batchprocessing.PersonItemProcessor  : Converting (firstName: Jane, lastName: Doe) into (firstName: JANE, lastName: DOE)
2023-02-24T15:48:45.635+01:00  INFO 16100 --- [           main] c.e.batchprocessing.PersonItemProcessor  : Converting (firstName: John, lastName: Doe) into (firstName: JOHN, lastName: DOE)
2023-02-24T15:48:45.649+01:00  INFO 16100 --- [           main] o.s.batch.core.step.AbstractStep         : Step: [step1] executed in 26ms
2023-02-24T15:48:45.660+01:00  INFO 16100 --- [           main] o.s.b.c.l.support.SimpleJobLauncher      : Job: [SimpleJob: [name=TestJob]] completed with the following parameters: [{'random':'{value=8437701341195655353, type=class java.lang.Long, identifying=true}'}] and the following status: [COMPLETED] in 40ms
]]></system-out>
  </testcase>
  <testcase name="testJobStep2" classname="com.example.batchprocessing.BatchConfigurationTest" time="0.346">
    <error message="org/junit/Assert" type="java.lang.NoClassDefFoundError">java.lang.NoClassDefFoundError: org/junit/Assert
	at com.example.batchprocessing.BatchConfigurationTest.testJobStep2(BatchConfigurationTest.java:68)
Caused by: java.lang.ClassNotFoundException: org.junit.Assert
	at com.example.batchprocessing.BatchConfigurationTest.testJobStep2(BatchConfigurationTest.java:68)
</error>
    <system-out><![CDATA[2023-02-24T15:48:45.693+01:00  INFO 16100 --- [           main] o.s.b.c.l.support.SimpleJobLauncher      : Job: [SimpleJob: [name=TestJob]] launched with the following parameters: [{'random':'{value=3207919161670665275, type=class java.lang.Long, identifying=true}'}]
2023-02-24T15:48:45.709+01:00  INFO 16100 --- [           main] o.s.batch.core.job.SimpleStepHandler     : Executing step: [step2]
2023-02-24T15:48:45.730+01:00  INFO 16100 --- [           main] c.e.b.PersonXmltemProcessor              : Converting (firstName: Jill, lastName: Doe) into (firstName: Jill, lastName: Doe)
2023-02-24T15:48:45.732+01:00  INFO 16100 --- [           main] c.e.b.PersonXmltemProcessor              : Converting (firstName: Joe, lastName: Doe) into (firstName: Joe, lastName: Doe)
2023-02-24T15:48:45.732+01:00  INFO 16100 --- [           main] c.e.b.PersonXmltemProcessor              : Converting (firstName: Justin, lastName: Doe) into (firstName: Justin, lastName: Doe)
2023-02-24T15:48:45.733+01:00  INFO 16100 --- [           main] c.e.b.PersonXmltemProcessor              : Converting (firstName: Jane, lastName: Doe) into (firstName: Jane, lastName: Doe)
2023-02-24T15:48:45.734+01:00  INFO 16100 --- [           main] c.e.b.PersonXmltemProcessor              : Converting (firstName: John, lastName: Doe) into (firstName: John, lastName: Doe)
2023-02-24T15:48:45.745+01:00  INFO 16100 --- [           main] o.s.batch.core.step.AbstractStep         : Step: [step2] executed in 35ms
2023-02-24T15:48:45.754+01:00  INFO 16100 --- [           main] o.s.b.c.l.support.SimpleJobLauncher      : Job: [SimpleJob: [name=TestJob]] completed with the following parameters: [{'random':'{value=3207919161670665275, type=class java.lang.Long, identifying=true}'}] and the following status: [COMPLETED] in 54ms
]]></system-out>
  </testcase>
  <testcase name="testAfterStep" classname="com.example.batchprocessing.BatchConfigurationTest" time="0">
    <error message="org/junit/Assert" type="java.lang.NoClassDefFoundError">java.lang.NoClassDefFoundError: org/junit/Assert
	at com.example.batchprocessing.BatchConfigurationTest.testAfterStep(BatchConfigurationTest.java:81)
Caused by: java.lang.ClassNotFoundException: org.junit.Assert
	at com.example.batchprocessing.BatchConfigurationTest.testAfterStep(BatchConfigurationTest.java:81)
</error>
  </testcase>
</testsuite>